<?xml version="1.0" encoding="UTF-8"?>
<!-- Generated by org.testng.reporters.JUnitXMLReporter -->
<testsuite ignored="0" hostname="DESKTOP-8O19A79" failures="0" tests="1" name="Test" time="0.016" errors="0" timestamp="2022-12-10T20:36:21 ART">
  <testcase classname="base.BaseTests" name="@BeforeClass setUp" time="0.014">
    <failure type="java.lang.IllegalStateException" message="The driver executable must exist: C:\Users\Zibe\Desktop\Swaglabs-TestNG\Swaglabs\resources\chromedriver">
      <![CDATA[java.lang.IllegalStateException: The driver executable must exist: C:\Users\Zibe\Desktop\Swaglabs-TestNG\Swaglabs\resources\chromedriver
at org.openqa.selenium.internal.Require$FileStateChecker.isFile(Require.java:345)
at org.openqa.selenium.remote.service.DriverService.checkExecutable(DriverService.java:160)
at org.openqa.selenium.remote.service.DriverService.findExecutable(DriverService.java:155)
at org.openqa.selenium.chrome.ChromeDriverService.access$000(ChromeDriverService.java:39)
at org.openqa.selenium.chrome.ChromeDriverService$Builder.findDefaultExecutable(ChromeDriverService.java:233)
at org.openqa.selenium.remote.service.DriverService$Builder.build(DriverService.java:450)
at org.openqa.selenium.chrome.ChromeDriverService.createDefaultService(ChromeDriverService.java:128)
at org.openqa.selenium.chrome.ChromeDriver.<init>(ChromeDriver.java:49)
at base.BaseTests.setUp(BaseTests.java:25)
at java.base/java.util.ArrayList.forEach(ArrayList.java:1541)
at login.TestNGRunnerLogin.main(TestNGRunnerLogin.java:21)
... Removed 22 stack frames]]>
    </failure>
  </testcase> <!-- @BeforeClass setUp -->
  <testcase classname="base.BaseTests" name="@BeforeMethod beforeMethod" time="-1.670715381528E9">
    <skipped/>
  </testcase> <!-- @BeforeMethod beforeMethod -->
  <testcase classname="base.BaseTests" name="@AfterMethod tearDown" time="0.0">
    <failure type="java.lang.NullPointerException">
      <![CDATA[java.lang.NullPointerException
at base.BaseTests.tearDown(BaseTests.java:46)
at java.base/java.util.ArrayList.forEach(ArrayList.java:1541)
at login.TestNGRunnerLogin.main(TestNGRunnerLogin.java:21)
... Removed 29 stack frames]]>
    </failure>
  </testcase> <!-- @AfterMethod tearDown -->
  <testcase classname="base.BaseTests" name="@AfterClass afterClass" time="-1.670715381529E9">
    <skipped/>
  </testcase> <!-- @AfterClass afterClass -->
  <testcase classname="login.LoginTest_TestCase3" name="testBlocked_user" time="0.0">
    <skipped/>
  </testcase> <!-- testBlocked_user -->
</testsuite> <!-- Test -->
